<?xml version="1.0" encoding="UTF-8"?>
<!-- Generated by org.testng.reporters.JUnitXMLReporter -->
<testsuite ignored="0" hostname="DESKTOP-83HSI3K" failures="0" tests="4" name="Default test" time="121.63" errors="0" timestamp="2023-07-21T22:38:18 IST">
  <testcase classname="TestCases.OpenGoogleUrlTestCases" name="checkKeywordAddOrNot" time="0.657"/>
  <testcase classname="TestCases.OpenGoogleUrlTestCases" name="checkKeywordAddOrNot" time="0.113"/>
  <testcase classname="TestCases.OpenGoogleUrlTestCases" name="checkKeywordAddOrNot" time="0.634"/>
  <testcase classname="TestCases.OpenGoogleUrlTestCases" name="checkKeywordAddOrNot" time="0.179"/>
</testsuite> <!-- Default test -->
