<?xml version="1.0" encoding="UTF-8"?>
<testng-results ignored="0" total="4" passed="4" failed="0" skipped="0">
  <reporter-output>
  </reporter-output>
  <suite started-at="2023-07-21T22:36:16 IST" name="Default suite" finished-at="2023-07-21T22:38:18 IST" duration-ms="121630">
    <groups>
    </groups>
    <test started-at="2023-07-21T22:36:16 IST" name="Default test" finished-at="2023-07-21T22:38:18 IST" duration-ms="121630">
      <class name="TestCases.OpenGoogleUrlTestCases">
        <test-method is-config="true" signature="init()[pri:0, instance:TestCases.OpenGoogleUrlTestCases@3e8c3cb]" started-at="2023-07-21T22:36:17 IST" name="init" finished-at="2023-07-21T22:36:42 IST" duration-ms="25274" status="PASS">
          <reporter-output>
          </reporter-output>
        </test-method> <!-- init -->
        <test-method signature="checkKeywordAddOrNot(java.lang.String)[pri:0, instance:TestCases.OpenGoogleUrlTestCases@3e8c3cb]" started-at="2023-07-21T22:36:42 IST" name="checkKeywordAddOrNot" data-provider="searchKeywordpassing" finished-at="2023-07-21T22:36:43 IST" duration-ms="657" status="PASS">
          <params>
            <param index="0">
              <value>
                <![CDATA[Abhijit]]>
              </value>
            </param>
          </params>
          <reporter-output>
          </reporter-output>
        </test-method> <!-- checkKeywordAddOrNot -->
        <test-method is-config="true" signature="tearDown()[pri:0, instance:TestCases.OpenGoogleUrlTestCases@3e8c3cb]" started-at="2023-07-21T22:36:43 IST" name="tearDown" finished-at="2023-07-21T22:36:46 IST" duration-ms="3600" status="PASS">
          <reporter-output>
          </reporter-output>
        </test-method> <!-- tearDown -->
        <test-method is-config="true" signature="init()[pri:0, instance:TestCases.OpenGoogleUrlTestCases@3e8c3cb]" started-at="2023-07-21T22:36:46 IST" name="init" finished-at="2023-07-21T22:37:08 IST" duration-ms="21708" status="PASS">
          <reporter-output>
          </reporter-output>
        </test-method> <!-- init -->
        <test-method signature="checkKeywordAddOrNot(java.lang.String)[pri:0, instance:TestCases.OpenGoogleUrlTestCases@3e8c3cb]" started-at="2023-07-21T22:37:08 IST" name="checkKeywordAddOrNot" data-provider="searchKeywordpassing" finished-at="2023-07-21T22:37:08 IST" duration-ms="113" status="PASS">
          <params>
            <param index="0">
              <value>
                <![CDATA[Shubham ]]>
              </value>
            </param>
          </params>
          <reporter-output>
          </reporter-output>
        </test-method> <!-- checkKeywordAddOrNot -->
        <test-method is-config="true" signature="tearDown()[pri:0, instance:TestCases.OpenGoogleUrlTestCases@3e8c3cb]" started-at="2023-07-21T22:37:08 IST" name="tearDown" finished-at="2023-07-21T22:37:11 IST" duration-ms="3250" status="PASS">
          <reporter-output>
          </reporter-output>
        </test-method> <!-- tearDown -->
        <test-method is-config="true" signature="init()[pri:0, instance:TestCases.OpenGoogleUrlTestCases@3e8c3cb]" started-at="2023-07-21T22:37:11 IST" name="init" finished-at="2023-07-21T22:37:38 IST" duration-ms="26535" status="PASS">
          <reporter-output>
          </reporter-output>
        </test-method> <!-- init -->
        <test-method signature="checkKeywordAddOrNot(java.lang.String)[pri:0, instance:TestCases.OpenGoogleUrlTestCases@3e8c3cb]" started-at="2023-07-21T22:37:38 IST" name="checkKeywordAddOrNot" data-provider="searchKeywordpassing" finished-at="2023-07-21T22:37:39 IST" duration-ms="634" status="PASS">
          <params>
            <param index="0">
              <value>
                <![CDATA[Nayan]]>
              </value>
            </param>
          </params>
          <reporter-output>
          </reporter-output>
        </test-method> <!-- checkKeywordAddOrNot -->
        <test-method is-config="true" signature="tearDown()[pri:0, instance:TestCases.OpenGoogleUrlTestCases@3e8c3cb]" started-at="2023-07-21T22:37:39 IST" name="tearDown" finished-at="2023-07-21T22:37:43 IST" duration-ms="4798" status="PASS">
          <reporter-output>
          </reporter-output>
        </test-method> <!-- tearDown -->
        <test-method is-config="true" signature="init()[pri:0, instance:TestCases.OpenGoogleUrlTestCases@3e8c3cb]" started-at="2023-07-21T22:37:43 IST" name="init" finished-at="2023-07-21T22:38:14 IST" duration-ms="30637" status="PASS">
          <reporter-output>
          </reporter-output>
        </test-method> <!-- init -->
        <test-method signature="checkKeywordAddOrNot(java.lang.String)[pri:0, instance:TestCases.OpenGoogleUrlTestCases@3e8c3cb]" started-at="2023-07-21T22:38:14 IST" name="checkKeywordAddOrNot" data-provider="searchKeywordpassing" finished-at="2023-07-21T22:38:14 IST" duration-ms="179" status="PASS">
          <params>
            <param index="0">
              <value>
                <![CDATA[Akash]]>
              </value>
            </param>
          </params>
          <reporter-output>
          </reporter-output>
        </test-method> <!-- checkKeywordAddOrNot -->
        <test-method is-config="true" signature="tearDown()[pri:0, instance:TestCases.OpenGoogleUrlTestCases@3e8c3cb]" started-at="2023-07-21T22:38:14 IST" name="tearDown" finished-at="2023-07-21T22:38:18 IST" duration-ms="3549" status="PASS">
          <reporter-output>
          </reporter-output>
        </test-method> <!-- tearDown -->
      </class> <!-- TestCases.OpenGoogleUrlTestCases -->
    </test> <!-- Default test -->
  </suite> <!-- Default suite -->
</testng-results>
